<?xml version="1.0" encoding="UTF-8"?>
<!-- Generated by org.testng.reporters.JUnitReportReporter -->
<testsuite hostname="LAPTOP-7QAIK882" failures="0" tests="4" name="testng.crossbrowser.parallel.ParallelTest" time="30.847" errors="0" timestamp="2024-02-20T14:55:55 IST" skipped="0">
  <testcase classname="testng.crossbrowser.parallel.ParallelTest" name="fbLogin" time="7.511"/>
  <system-out/>
  <testcase classname="testng.crossbrowser.parallel.ParallelTest" name="searchJava" time="9.029"/>
  <system-out/>
  <testcase classname="testng.crossbrowser.parallel.ParallelTest" name="searchProduct" time="8.111"/>
  <system-out/>
  <testcase classname="testng.crossbrowser.parallel.ParallelTest" name="searchSelenium" time="6.196"/>
  <system-out/>
</testsuite> <!-- testng.crossbrowser.parallel.ParallelTest -->
