<?xml version="1.0" encoding="UTF-8"?>
<!-- Generated by org.testng.reporters.JUnitReportReporter -->
<testsuite hostname="LAPTOP-7QAIK882" failures="0" tests="3" name="sample.testing.attributes.DependsOnMethods" time="0.005" errors="0" timestamp="2024-02-18T21:40:06 IST" skipped="0">
  <testcase classname="sample.testing.attributes.DependsOnMethods" name="checkout" time="0.001"/>
  <system-out/>
  <testcase classname="sample.testing.attributes.DependsOnMethods" name="login" time="0.003"/>
  <system-out/>
  <testcase classname="sample.testing.attributes.DependsOnMethods" name="addToCart" time="0.001"/>
  <system-out/>
</testsuite> <!-- sample.testing.attributes.DependsOnMethods -->
