<?xml version="1.0" encoding="UTF-8"?>
<!-- Generated by org.testng.reporters.JUnitReportReporter -->
<testsuite hostname="LAPTOP-7QAIK882" failures="0" tests="3" name="testng.groups.GroupsSample" time="0.015" errors="0" timestamp="2024-02-20T13:39:43 IST" skipped="0">
  <testcase classname="testng.groups.GroupsSample" name="test1" time="0.011"/>
  <system-out/>
  <testcase classname="testng.groups.GroupsSample" name="test2" time="0.003"/>
  <system-out/>
  <testcase classname="testng.groups.GroupsSample" name="test3" time="0.001"/>
  <system-out/>
</testsuite> <!-- testng.groups.GroupsSample -->
