<?xml version="1.0" encoding="UTF-8"?>
<!-- Generated by org.testng.reporters.JUnitReportReporter -->
<testsuite hostname="LAPTOP-7QAIK882" failures="0" tests="1" name="testng.extent.reports.ReportsSample" time="9.330" errors="0" timestamp="2024-02-22T00:16:53 IST" skipped="0">
  <testcase classname="testng.extent.reports.ReportsSample" name="fbLogin2" time="9.330"/>
  <system-out/>
</testsuite> <!-- testng.extent.reports.ReportsSample -->
