<?xml version="1.0" encoding="UTF-8"?>
<!-- Generated by org.testng.reporters.JUnitReportReporter -->
<testsuite hostname="LAPTOP-7QAIK882" failures="0" tests="9" name="sample.testing.attributes.Priority" time="0.031" errors="0" timestamp="2024-02-18T20:36:37 IST" skipped="0">
  <testcase classname="sample.testing.attributes.Priority" name="testsb" time="0.013"/>
  <system-out/>
  <testcase classname="sample.testing.attributes.Priority" name="testsz" time="0.002"/>
  <system-out/>
  <testcase classname="sample.testing.attributes.Priority" name="testk" time="0.004"/>
  <system-out/>
  <testcase classname="sample.testing.attributes.Priority" name="testsf" time="0.001"/>
  <system-out/>
  <testcase classname="sample.testing.attributes.Priority" name="testsa" time="0.001"/>
  <system-out/>
  <testcase classname="sample.testing.attributes.Priority" name="testsy" time="0.005"/>
  <system-out/>
  <testcase classname="sample.testing.attributes.Priority" name="testsr" time="0.003"/>
  <system-out/>
  <testcase classname="sample.testing.attributes.Priority" name="testi" time="0.001"/>
  <system-out/>
  <testcase classname="sample.testing.attributes.Priority" name="tests" time="0.001"/>
  <system-out/>
</testsuite> <!-- sample.testing.attributes.Priority -->
