<?xml version="1.0" encoding="UTF-8"?>
<!-- Generated by org.testng.reporters.JUnitReportReporter -->
<testsuite hostname="LAPTOP-7QAIK882" failures="0" tests="1" name="testing.parameters.dataprovider.ParameterSample" time="6.118" errors="0" timestamp="2024-02-19T00:45:33 IST" skipped="0">
  <testcase classname="testing.parameters.dataprovider.ParameterSample" name="searchJava" time="6.118"/>
  <system-out/>
</testsuite> <!-- testing.parameters.dataprovider.ParameterSample -->
