<?xml version="1.0" encoding="UTF-8"?>
<!-- Generated by org.testng.reporters.JUnitReportReporter -->
<testsuite hostname="LAPTOP-7QAIK882" failures="0" tests="1" name="sample.testing.attributes.Description" time="0.002" errors="0" timestamp="2024-02-18T23:55:32 IST" skipped="0">
  <testcase classname="sample.testing.attributes.Description" name="sample" time="0.002"/>
  <system-out/>
</testsuite> <!-- sample.testing.attributes.Description -->
