<?xml version="1.0" encoding="UTF-8"?>
<!-- Generated by org.testng.reporters.JUnitReportReporter -->
<testsuite hostname="LAPTOP-7QAIK882" failures="0" tests="2" name="sample.testing.attributes.Enabled" time="0.001" errors="0" timestamp="2024-02-18T23:55:32 IST" skipped="1">
  <testcase classname="sample.testing.attributes.Enabled" name="sample1" time="0.001"/>
  <system-out/>
  <testcase classname="sample.testing.attributes.Enabled" name="sample2">
    <skipped/>
  </testcase> <!-- sample2 -->
  <system-out/>
</testsuite> <!-- sample.testing.attributes.Enabled -->
