<?xml version="1.0" encoding="UTF-8"?>
<!-- Generated by org.testng.reporters.JUnitReportReporter -->
<testsuite hostname="LAPTOP-7QAIK882" failures="0" tests="7" name="sample.testing.attributes.ThreadPoolSize" time="28.607" errors="0" timestamp="2024-02-18T23:32:12 IST" skipped="0">
  <testcase classname="sample.testing.attributes.ThreadPoolSize" name="test1" time="4.975"/>
  <system-out/>
  <testcase classname="sample.testing.attributes.ThreadPoolSize" name="test1" time="4.497"/>
  <system-out/>
  <testcase classname="sample.testing.attributes.ThreadPoolSize" name="test1" time="3.763"/>
  <system-out/>
  <testcase classname="sample.testing.attributes.ThreadPoolSize" name="test1" time="4.933"/>
  <system-out/>
  <testcase classname="sample.testing.attributes.ThreadPoolSize" name="test1" time="3.507"/>
  <system-out/>
  <testcase classname="sample.testing.attributes.ThreadPoolSize" name="test1" time="3.036"/>
  <system-out/>
  <testcase classname="sample.testing.attributes.ThreadPoolSize" name="test1" time="3.896"/>
  <system-out/>
</testsuite> <!-- sample.testing.attributes.ThreadPoolSize -->
