<?xml version="1.0" encoding="UTF-8"?>
<!-- Generated by org.testng.reporters.JUnitReportReporter -->
<testsuite hostname="LAPTOP-7QAIK882" failures="0" tests="2" name="sample.testing.attributes.SampleAnnotation" time="0.008" errors="0" timestamp="2024-02-18T19:55:48 IST" skipped="0">
  <testcase classname="sample.testing.attributes.SampleAnnotation" name="test2" time="0.002"/>
  <system-out/>
  <testcase classname="sample.testing.attributes.SampleAnnotation" name="test1" time="0.006"/>
  <system-out/>
</testsuite> <!-- sample.testing.attributes.SampleAnnotation -->
