<?xml version="1.0" encoding="UTF-8"?>
<!-- Generated by org.testng.reporters.JUnitReportReporter -->
<testsuite hostname="LAPTOP-7QAIK882" failures="0" tests="2" name="testing.parameters.dataprovider.DataproviderSample" time="16.824" errors="0" timestamp="2024-02-19T08:49:14 IST" skipped="0">
  <testcase classname="testing.parameters.dataprovider.DataproviderSample" name="loginwithDiffComboOfCredehtials" time="9.166"/>
  <system-out/>
  <testcase classname="testing.parameters.dataprovider.DataproviderSample" name="loginwithDiffComboOfCredehtials" time="7.658"/>
  <system-out/>
</testsuite> <!-- testing.parameters.dataprovider.DataproviderSample -->
